<?xml version="1.0" encoding="UTF-8"?>
<!-- Generated by org.testng.reporters.JUnitReportReporter -->
<testsuite skipped="0" hostname="madhavi" name="com.qa.apitest.GetapiTest" tests="1" failures="0" timestamp="14 Dec 2018 19:27:50 GMT" time="392.021" errors="0">
  <testcase name="getTest" time="392.021" classname="com.qa.apitest.GetapiTest"/>
</testsuite> <!-- com.qa.apitest.GetapiTest -->
