<?xml version="1.0" encoding="UTF-8"?>
<!-- Generated by org.testng.reporters.JUnitReportReporter -->
<testsuite skipped="0" hostname="madhavi" name="com.qa.apitest.GetapiBDDframeworkTest" tests="1" failures="0" timestamp="18 Dec 2018 11:08:08 GMT" time="5.416" errors="0">
  <testcase name="pagedata" time="5.416" classname="com.qa.apitest.GetapiBDDframeworkTest"/>
</testsuite> <!-- com.qa.apitest.GetapiBDDframeworkTest -->
