<?xml version="1.0" encoding="UTF-8"?>
<!-- Generated by org.testng.reporters.JUnitReportReporter -->
<testsuite skipped="0" hostname="madhavi" name="com.qa.apitest.Posttest" tests="1" failures="0" timestamp="18 Dec 2018 11:04:33 GMT" time="3.569" errors="0">
  <testcase name="postTest" time="3.569" classname="com.qa.apitest.Posttest"/>
</testsuite> <!-- com.qa.apitest.Posttest -->
