<?xml version="1.0" encoding="UTF-8"?>
<!-- Generated by org.testng.reporters.JUnitReportReporter -->
<testsuite skipped="0" hostname="madhavi" name="com.maven.RestassuredProject.Getdata" tests="1" failures="0" timestamp="12 Dec 2018 11:00:28 GMT" time="9.444" errors="0">
  <testcase name="getWeatherDetails" time="9.444" classname="com.maven.RestassuredProject.Getdata"/>
</testsuite> <!-- com.maven.RestassuredProject.Getdata -->
